<?xml version="1.0" encoding="UTF-8"?>
<!-- Generated by org.testng.reporters.JUnitReportReporter -->
<testsuite hostname="DESKTOP-3S555CM" failures="0" tests="3" name="com.training.sanity.tests.TC0031_AddProperty_Medium" time="25.958" errors="0" timestamp="2020-02-03T10:38:21 IST" skipped="0">
  <testcase classname="com.training.sanity.tests.TC0031_AddProperty_Medium" name="adminLogin" time="7.563"/>
  <testcase classname="com.training.sanity.tests.TC0031_AddProperty_Medium" name="addProperty" time="14.446"/>
  <testcase classname="com.training.sanity.tests.TC0031_AddProperty_Medium" name="LogOut" time="3.949"/>
</testsuite> <!-- com.training.sanity.tests.TC0031_AddProperty_Medium -->
