<?xml version="1.0" encoding="UTF-8"?>
<!-- Generated by org.testng.reporters.JUnitReportReporter -->
<testsuite hostname="DESKTOP-3S555CM" failures="0" tests="1" name="com.training.sanity.tests.TC0036_VillasTab" time="14.738" errors="0" timestamp="2020-02-03T19:09:05 IST" skipped="0">
  <testcase classname="com.training.sanity.tests.TC0036_VillasTab" name="commercialTab" time="14.738"/>
</testsuite> <!-- com.training.sanity.tests.TC0036_VillasTab -->
