<?xml version="1.0" encoding="UTF-8"?>
<!-- Generated by org.testng.reporters.JUnitReportReporter -->
<testsuite hostname="DESKTOP-3S555CM" failures="0" tests="3" name="com.training.sanity.tests.TC004_ChangeProfileDetails" time="17.001" errors="0" timestamp="2020-02-03T20:36:58 IST" skipped="0">
  <testcase classname="com.training.sanity.tests.TC004_ChangeProfileDetails" name="Login" time="5.285"/>
  <testcase classname="com.training.sanity.tests.TC004_ChangeProfileDetails" name="changeProfileDetails" time="9.737"/>
  <testcase classname="com.training.sanity.tests.TC004_ChangeProfileDetails" name="LogOut" time="1.979"/>
</testsuite> <!-- com.training.sanity.tests.TC004_ChangeProfileDetails -->
