<?xml version="1.0" encoding="UTF-8"?>
<!-- Generated by org.testng.reporters.JUnitReportReporter -->
<testsuite hostname="DESKTOP-3S555CM" failures="0" tests="2" name="com.training.sanity.tests.TC002_UserLoginLogout" time="7.859" errors="0" timestamp="2020-02-06T19:38:03 IST" skipped="0">
  <testcase classname="com.training.sanity.tests.TC002_UserLoginLogout" name="Login" time="4.828"/>
  <testcase classname="com.training.sanity.tests.TC002_UserLoginLogout" name="LogOut" time="3.031"/>
</testsuite> <!-- com.training.sanity.tests.TC002_UserLoginLogout -->
