<?xml version="1.0" encoding="UTF-8"?>
<!-- Generated by org.testng.reporters.JUnitReportReporter -->
<testsuite hostname="DESKTOP-3S555CM" failures="0" tests="2" name="com.training.sanity.tests.TC0035_AddUserAndView" time="22.341" errors="0" timestamp="2020-02-02T10:28:19 IST" skipped="0">
  <testcase classname="com.training.sanity.tests.TC0035_AddUserAndView" name="adminLogin" time="7.841"/>
  <testcase classname="com.training.sanity.tests.TC0035_AddUserAndView" name="registerNewUser" time="14.500"/>
</testsuite> <!-- com.training.sanity.tests.TC0035_AddUserAndView -->
