<?xml version="1.0" encoding="UTF-8"?>
<!-- Generated by org.testng.reporters.JUnitReportReporter -->
<testsuite hostname="DESKTOP-3S555CM" failures="0" tests="1" name="com.training.sanity.tests.TC003_RecoverPassword" time="5.808" errors="0" timestamp="2020-01-31T19:02:46 IST" skipped="0">
  <testcase classname="com.training.sanity.tests.TC003_RecoverPassword" name="forgotPassword" time="5.808"/>
</testsuite> <!-- com.training.sanity.tests.TC003_RecoverPassword -->
