<?xml version="1.0" encoding="UTF-8"?>
<!-- Generated by org.testng.reporters.JUnitReportReporter -->
<testsuite hostname="DESKTOP-3S555CM" failures="0" tests="1" name="com.training.sanity.tests.TC0034_CommercialTab" time="14.662" errors="0" timestamp="2020-02-03T13:46:07 IST" skipped="0">
  <testcase classname="com.training.sanity.tests.TC0034_CommercialTab" name="commercialTab" time="14.662"/>
</testsuite> <!-- com.training.sanity.tests.TC0034_CommercialTab -->
