<?xml version="1.0" encoding="UTF-8"?>
<!-- Generated by org.testng.reporters.JUnitReportReporter -->
<testsuite hostname="DESKTOP-3S555CM" failures="0" tests="2" name="com.training.sanity.tests.TC002_UserLoginLogout" time="6.720" errors="0" timestamp="2020-02-03T20:40:05 IST" skipped="0">
  <testcase classname="com.training.sanity.tests.TC002_UserLoginLogout" name="Login" time="4.561"/>
  <testcase classname="com.training.sanity.tests.TC002_UserLoginLogout" name="LogOut" time="2.159"/>
</testsuite> <!-- com.training.sanity.tests.TC002_UserLoginLogout -->
