<?xml version="1.0" encoding="UTF-8"?>
<!-- Generated by org.testng.reporters.JUnitReportReporter -->
<testsuite hostname="DESKTOP-3S555CM" failures="0" tests="1" name="com.training.sanity.tests.TC0032_ViewEnquireCalculateLoan" time="15.622" errors="0" timestamp="2020-02-06T20:03:29 IST" skipped="0">
  <testcase classname="com.training.sanity.tests.TC0032_ViewEnquireCalculateLoan" name="mouseHoverOnNewLaunch" time="15.622"/>
</testsuite> <!-- com.training.sanity.tests.TC0032_ViewEnquireCalculateLoan -->
