<?xml version="1.0" encoding="UTF-8"?>
<!-- Generated by org.testng.reporters.JUnitReportReporter -->
<testsuite hostname="DESKTOP-3S555CM" failures="0" tests="3" name="com.training.sanity.tests.TC005_PasswordChange" time="13.821" errors="0" timestamp="2020-01-31T19:04:56 IST" skipped="0">
  <testcase classname="com.training.sanity.tests.TC005_PasswordChange" name="Login" time="3.730"/>
  <testcase classname="com.training.sanity.tests.TC005_PasswordChange" name="ChangePassword" time="8.178"/>
  <testcase classname="com.training.sanity.tests.TC005_PasswordChange" name="userLogOut" time="1.913"/>
</testsuite> <!-- com.training.sanity.tests.TC005_PasswordChange -->
