<?xml version="1.0" encoding="UTF-8"?>
<!-- Generated by org.testng.reporters.JUnitReportReporter -->
<testsuite hostname="DESKTOP-3S555CM" failures="0" tests="3" name="com.training.sanity.tests.TC004_ChangeProfileDetails" time="15.034" errors="0" timestamp="2020-01-31T19:03:41 IST" skipped="0">
  <testcase classname="com.training.sanity.tests.TC004_ChangeProfileDetails" name="Login" time="3.817"/>
  <testcase classname="com.training.sanity.tests.TC004_ChangeProfileDetails" name="changeProfileDetails" time="9.113"/>
  <testcase classname="com.training.sanity.tests.TC004_ChangeProfileDetails" name="userLogOut" time="2.104"/>
</testsuite> <!-- com.training.sanity.tests.TC004_ChangeProfileDetails -->
