<?xml version="1.0" encoding="UTF-8"?>
<!-- Generated by org.testng.reporters.JUnitReportReporter -->
<testsuite hostname="DESKTOP-3S555CM" failures="0" tests="3" name="com.training.sanity.tests.TC0033_ViewAddedPropertyDetails" time="29.148" errors="0" timestamp="2020-02-06T20:17:59 IST" skipped="0">
  <testcase classname="com.training.sanity.tests.TC0033_ViewAddedPropertyDetails" name="adminLogin" time="8.494"/>
  <testcase classname="com.training.sanity.tests.TC0033_ViewAddedPropertyDetails" name="viewPropertyDeatils" time="15.795"/>
  <testcase classname="com.training.sanity.tests.TC0033_ViewAddedPropertyDetails" name="LogOut" time="4.859"/>
</testsuite> <!-- com.training.sanity.tests.TC0033_ViewAddedPropertyDetails -->
