<?xml version="1.0" encoding="UTF-8"?>
<!-- Generated by org.testng.reporters.JUnitReportReporter -->
<testsuite hostname="DESKTOP-3S555CM" failures="0" tests="3" name="com.training.sanity.tests.TC005_PasswordChange" time="16.725" errors="0" timestamp="2020-02-03T20:44:41 IST" skipped="0">
  <testcase classname="com.training.sanity.tests.TC005_PasswordChange" name="Login" time="4.892"/>
  <testcase classname="com.training.sanity.tests.TC005_PasswordChange" name="ChangePassword" time="9.361"/>
  <testcase classname="com.training.sanity.tests.TC005_PasswordChange" name="LogOut" time="2.472"/>
</testsuite> <!-- com.training.sanity.tests.TC005_PasswordChange -->
