<?xml version="1.0" encoding="UTF-8"?>
<!-- Generated by org.testng.reporters.JUnitReportReporter -->
<testsuite hostname="DESKTOP-3S555CM" failures="0" tests="1" name="com.training.sanity.tests.TC0032_ViewEnquireCalculateLoan" time="11.908" errors="0" timestamp="2020-02-01T22:54:42 IST" skipped="0">
  <testcase classname="com.training.sanity.tests.TC0032_ViewEnquireCalculateLoan" name="mouseHoverOnNewLaunch" time="11.908"/>
</testsuite> <!-- com.training.sanity.tests.TC0032_ViewEnquireCalculateLoan -->
