<?xml version="1.0" encoding="UTF-8"?>
<!-- Generated by org.testng.reporters.JUnitReportReporter -->
<testsuite hostname="DESKTOP-3S555CM" failures="0" tests="2" name="com.training.sanity.tests.TC0033_ViewAddedPropertyDetails" time="16.385" errors="0" timestamp="2020-02-01T15:04:41 IST" skipped="0">
  <testcase classname="com.training.sanity.tests.TC0033_ViewAddedPropertyDetails" name="adminLogin" time="7.786"/>
  <testcase classname="com.training.sanity.tests.TC0033_ViewAddedPropertyDetails" name="viewPropertyDeatils" time="8.599"/>
</testsuite> <!-- com.training.sanity.tests.TC0033_ViewAddedPropertyDetails -->
