<?xml version="1.0" encoding="UTF-8"?>
<!-- Generated by org.testng.reporters.JUnitReportReporter -->
<testsuite hostname="DESKTOP-3S555CM" failures="0" tests="4" name="com.training.sanity.tests.TC0035_AddUserAndView" time="35.158" errors="0" timestamp="2020-02-06T20:40:56 IST" skipped="0">
  <testcase classname="com.training.sanity.tests.TC0035_AddUserAndView" name="adminLogin" time="9.191"/>
  <testcase classname="com.training.sanity.tests.TC0035_AddUserAndView" name="registerNewUser" time="12.424"/>
  <testcase classname="com.training.sanity.tests.TC0035_AddUserAndView" name="viewAddedNewUser" time="6.019"/>
  <testcase classname="com.training.sanity.tests.TC0035_AddUserAndView" name="LogOut" time="7.524"/>
</testsuite> <!-- com.training.sanity.tests.TC0035_AddUserAndView -->
