<?xml version="1.0" encoding="UTF-8"?>
<!-- Generated by org.testng.reporters.JUnitReportReporter -->
<testsuite hostname="DESKTOP-3S555CM" failures="0" tests="3" name="com.training.sanity.tests.TestCase_001_Register" time="20.805" errors="0" timestamp="2020-01-31T18:57:36 IST" skipped="0">
  <testcase classname="com.training.sanity.tests.TestCase_001_Register" name="adminLogin" time="6.750"/>
  <testcase classname="com.training.sanity.tests.TestCase_001_Register" name="registerNewUser" time="10.015"/>
  <testcase classname="com.training.sanity.tests.TestCase_001_Register" name="LogOut" time="4.040"/>
</testsuite> <!-- com.training.sanity.tests.TestCase_001_Register -->
